2022-09-07/00:38:35		Starting of Clsuter: __init__ method of KMeansClustering class
2022-09-07/00:38:35		Entered the elbow_plot method of the KMeansClustering class
2022-09-07/00:38:38		The optimum number of clusters is: 4::
2022-09-07/00:38:38		Exception occured in elbow_plot method of the KMeansClustering class. Exception message:apply_log() missing 1 required positional argument: 'msg'::
2022-09-07/00:38:38		Finding the number of clusters failed. Exited the elbow_plot method of the KMeansClustering class
2022-09-07/00:40:17		Starting of Clsuter: __init__ method of KMeansClustering class
2022-09-07/00:40:17		Entered the elbow_plot method of the KMeansClustering class
2022-09-07/00:40:20		The optimum number of clusters is: 4::
2022-09-07/00:40:20		Exited the elbow_plot method of the KMeansClustering class
2022-09-07/00:40:20		Entered the create_clusters method of the KMeansClustering class
2022-09-07/00:40:20		Exception occured in create_clusters method of the KMeansClustering class. Exception message:'KMeansClustering' object has no attribute 'fileName'::
2022-09-07/00:40:20		Fitting the data to clusters failed. Exited the create_clusters method of the KMeansClustering class
2022-09-07/00:41:38		Starting of Clsuter: __init__ method of KMeansClustering class
2022-09-07/00:41:38		Entered the elbow_plot method of the KMeansClustering class
2022-09-07/00:41:41		The optimum number of clusters is: 4::
2022-09-07/00:41:41		Exited the elbow_plot method of the KMeansClustering class
2022-09-07/00:41:41		Entered the create_clusters method of the KMeansClustering class
2022-09-07/00:41:41		succesfully created 4::
2022-09-07/00:41:41		clusters. Exited the create_clusters method of the KMeansClustering class
2022-09-07/00:43:11		Starting of Clsuter: __init__ method of KMeansClustering class
2022-09-07/00:43:11		Entered the elbow_plot method of the KMeansClustering class
2022-09-07/00:43:14		The optimum number of clusters is: 4::
2022-09-07/00:43:14		Exited the elbow_plot method of the KMeansClustering class
2022-09-07/00:43:14		Entered the create_clusters method of the KMeansClustering class
2022-09-07/00:43:14		Exception occured in create_clusters method of the KMeansClustering class. Exception message:apply_log() takes 3 positional arguments but 4 were given::
2022-09-07/00:43:14		Fitting the data to clusters failed. Exited the create_clusters method of the KMeansClustering class
2022-09-07/00:44:42		Starting of Clsuter: __init__ method of KMeansClustering class
2022-09-07/00:44:42		Entered the elbow_plot method of the KMeansClustering class
2022-09-07/00:44:44		The optimum number of clusters is: 4::
2022-09-07/00:44:44		Exited the elbow_plot method of the KMeansClustering class
2022-09-07/00:44:44		Entered the create_clusters method of the KMeansClustering class
2022-09-07/00:44:44		Exception occured in create_clusters method of the KMeansClustering class. Exception message:apply_log() takes 3 positional arguments but 4 were given::
2022-09-07/00:44:44		Fitting the data to clusters failed. Exited the create_clusters method of the KMeansClustering class
2022-09-07/00:45:53		Starting of Clsuter: __init__ method of KMeansClustering class
2022-09-07/00:45:53		Entered the elbow_plot method of the KMeansClustering class
2022-09-07/00:45:55		The optimum number of clusters is: 4::
2022-09-07/00:45:55		Exited the elbow_plot method of the KMeansClustering class
2022-09-07/00:45:55		Entered the create_clusters method of the KMeansClustering class
2022-09-07/00:45:55		Exception occured in create_clusters method of the KMeansClustering class. Exception message:apply_log() takes 3 positional arguments but 4 were given::
2022-09-07/00:45:55		Fitting the data to clusters failed. Exited the create_clusters method of the KMeansClustering class
2022-09-07/00:46:46		Starting of Clsuter: __init__ method of KMeansClustering class
2022-09-07/00:46:46		Entered the elbow_plot method of the KMeansClustering class
2022-09-07/00:46:48		The optimum number of clusters is: 4::
2022-09-07/00:46:48		Exited the elbow_plot method of the KMeansClustering class
2022-09-07/00:46:48		Entered the create_clusters method of the KMeansClustering class
2022-09-07/00:46:48		Exception occured in create_clusters method of the KMeansClustering class. Exception message:apply_log() takes 3 positional arguments but 4 were given::
2022-09-07/00:46:48		Fitting the data to clusters failed. Exited the create_clusters method of the KMeansClustering class
2022-09-07/00:47:31		Starting of Clsuter: __init__ method of KMeansClustering class
2022-09-07/00:47:31		Entered the elbow_plot method of the KMeansClustering class
2022-09-07/00:47:34		The optimum number of clusters is: 4::
2022-09-07/00:47:34		Exited the elbow_plot method of the KMeansClustering class
2022-09-07/00:47:34		Entered the create_clusters method of the KMeansClustering class
2022-09-07/00:47:34		Exception occured in create_clusters method of the KMeansClustering class. Exception message:apply_log() takes 3 positional arguments but 4 were given::
2022-09-07/00:47:34		Fitting the data to clusters failed. Exited the create_clusters method of the KMeansClustering class
2022-09-07/00:50:17		Starting of Clsuter: __init__ method of KMeansClustering class
2022-09-07/00:50:17		Entered the elbow_plot method of the KMeansClustering class
2022-09-07/00:50:20		The optimum number of clusters is: 4::
2022-09-07/00:50:20		Exited the elbow_plot method of the KMeansClustering class
2022-09-07/00:50:20		Entered the create_clusters method of the KMeansClustering class
2022-09-07/00:50:20		Succesful clusters created 4::==
2022-09-07/00:50:20		Exited the create_clusters method of the KMeansClustering class
2022-09-07/00:52:09		Starting of Clsuter: __init__ method of KMeansClustering class
2022-09-07/00:52:09		Entered the elbow_plot method of the KMeansClustering class
2022-09-07/00:52:11		The optimum number of clusters is: 4::
2022-09-07/00:52:11		Exited the elbow_plot method of the KMeansClustering class
2022-09-07/00:52:11		Entered the create_clusters method of the KMeansClustering class
2022-09-07/00:52:11		Succesful clusters created :: 4
2022-09-07/00:52:11		Exited the create_clusters method of the KMeansClustering class
2022-09-08/00:43:03		Starting of Clsuter: __init__ method of KMeansClustering class
2022-09-08/00:43:03		Entered the elbow_plot method of the KMeansClustering class
2022-09-08/00:43:06		The optimum number of clusters is: 4::
2022-09-08/00:43:06		Exited the elbow_plot method of the KMeansClustering class
2022-09-08/00:43:06		Entered the create_clusters method of the KMeansClustering class
2022-09-08/00:43:06		Exception occured in create_clusters method of the KMeansClustering class. Exception message:name 'file_methods' is not defined::
2022-09-08/00:43:06		Fitting the data to clusters failed. Exited the create_clusters method of the KMeansClustering class
2022-09-08/00:48:28		Starting of Clsuter: __init__ method of KMeansClustering class
2022-09-08/00:48:28		Entered the elbow_plot method of the KMeansClustering class
2022-09-08/00:48:31		The optimum number of clusters is: 4::
2022-09-08/00:48:31		Exited the elbow_plot method of the KMeansClustering class
2022-09-08/00:48:31		Entered the create_clusters method of the KMeansClustering class
2022-09-08/00:48:31		Exception occured in create_clusters method of the KMeansClustering class. Exception message:name 'file_methods' is not defined::
2022-09-08/00:48:31		Fitting the data to clusters failed. Exited the create_clusters method of the KMeansClustering class
2022-09-08/00:50:30		Starting of Clsuter: __init__ method of KMeansClustering class
2022-09-08/00:50:30		Entered the elbow_plot method of the KMeansClustering class
2022-09-08/00:50:33		The optimum number of clusters is: 4::
2022-09-08/00:50:33		Exited the elbow_plot method of the KMeansClustering class
2022-09-08/00:50:33		Entered the create_clusters method of the KMeansClustering class
2022-09-08/00:50:33		Exception occured in create_clusters method of the KMeansClustering class. Exception message:apply_log() takes 3 positional arguments but 4 were given::
2022-09-08/00:50:33		Fitting the data to clusters failed. Exited the create_clusters method of the KMeansClustering class
2022-09-08/00:53:41		Starting of Clsuter: __init__ method of KMeansClustering class
2022-09-08/00:53:41		Entered the elbow_plot method of the KMeansClustering class
2022-09-08/00:53:43		The optimum number of clusters is: 4::
2022-09-08/00:53:43		Exited the elbow_plot method of the KMeansClustering class
2022-09-08/00:53:43		Entered the create_clusters method of the KMeansClustering class
2022-09-08/00:53:43		Exception occured in create_clusters method of the KMeansClustering class. Exception message:apply_log() takes 3 positional arguments but 4 were given::
2022-09-08/00:53:43		Fitting the data to clusters failed. Exited the create_clusters method of the KMeansClustering class
2022-09-08/00:58:40		Starting of Clsuter: __init__ method of KMeansClustering class
2022-09-08/00:58:40		Entered the elbow_plot method of the KMeansClustering class
2022-09-08/00:58:42		The optimum number of clusters is: 4::
2022-09-08/00:58:42		Exited the elbow_plot method of the KMeansClustering class
2022-09-08/00:58:42		Entered the create_clusters method of the KMeansClustering class
2022-09-08/00:58:42		Exception occured in create_clusters method of the KMeansClustering class. Exception message:can only concatenate str (not "tuple") to str::
2022-09-08/00:58:42		Fitting the data to clusters failed. Exited the create_clusters method of the KMeansClustering class
2022-09-08/01:01:16		Starting of Clsuter: __init__ method of KMeansClustering class
2022-09-08/01:01:16		Entered the elbow_plot method of the KMeansClustering class
2022-09-08/01:01:18		The optimum number of clusters is: 4::
2022-09-08/01:01:18		Exited the elbow_plot method of the KMeansClustering class
2022-09-08/01:01:18		Entered the create_clusters method of the KMeansClustering class
2022-09-08/01:01:19		Succesful clusters created :: 4
2022-09-08/01:01:19		Exited the create_clusters method of the KMeansClustering class
2022-09-08/01:04:26		Starting of Clsuter: __init__ method of KMeansClustering class
2022-09-08/01:04:26		Entered the elbow_plot method of the KMeansClustering class
2022-09-08/01:04:29		The optimum number of clusters is: 4::
2022-09-08/01:04:29		Exited the elbow_plot method of the KMeansClustering class
2022-09-08/01:04:29		Entered the create_clusters method of the KMeansClustering class
2022-09-08/01:04:29		Succesful clusters created :: 4
2022-09-08/01:04:29		Exited the create_clusters method of the KMeansClustering class
2022-09-13/00:00:56		Starting of Clsuter: __init__ method of KMeansClustering class
2022-09-13/00:00:56		Entered the elbow_plot method of the KMeansClustering class
2022-09-13/00:00:58		The optimum number of clusters is: 4::
2022-09-13/00:00:58		Exited the elbow_plot method of the KMeansClustering class
2022-09-13/00:00:58		Entered the create_clusters method of the KMeansClustering class
2022-09-13/00:00:59		Succesful clusters created :: 4
2022-09-13/00:00:59		Exited the create_clusters method of the KMeansClustering class
2022-09-13/01:53:05		Starting of Clsuter: __init__ method of KMeansClustering class
2022-09-13/01:53:05		Entered the elbow_plot method of the KMeansClustering class
2022-09-13/01:53:07		The optimum number of clusters is: 4::
2022-09-13/01:53:07		Exited the elbow_plot method of the KMeansClustering class
2022-09-13/01:53:07		Entered the create_clusters method of the KMeansClustering class
2022-09-13/01:53:07		Succesful clusters created :: 4
2022-09-13/01:53:07		Exited the create_clusters method of the KMeansClustering class
2022-09-14/21:50:11		Starting of Clsuter: __init__ method of KMeansClustering class
2022-09-14/21:50:12		Entered the elbow_plot method of the KMeansClustering class
2022-09-14/21:50:15		The optimum number of clusters is: 4::
2022-09-14/21:50:15		Exited the elbow_plot method of the KMeansClustering class
2022-09-14/21:50:15		Entered the create_clusters method of the KMeansClustering class
2022-09-14/21:50:15		Succesful clusters created :: 4
2022-09-14/21:50:15		Exited the create_clusters method of the KMeansClustering class
2022-09-14/22:06:55		Starting of Clsuter: __init__ method of KMeansClustering class
2022-09-14/22:06:55		Entered the elbow_plot method of the KMeansClustering class
2022-09-14/22:06:59		The optimum number of clusters is: 4::
2022-09-14/22:06:59		Exited the elbow_plot method of the KMeansClustering class
2022-09-14/22:06:59		Entered the create_clusters method of the KMeansClustering class
2022-09-14/22:07:00		Succesful clusters created :: 4
2022-09-14/22:07:00		Exited the create_clusters method of the KMeansClustering class
2022-09-14/22:10:09		Starting of Clsuter: __init__ method of KMeansClustering class
2022-09-14/22:10:09		Entered the elbow_plot method of the KMeansClustering class
2022-09-14/22:10:12		The optimum number of clusters is: 4::
2022-09-14/22:10:12		Exited the elbow_plot method of the KMeansClustering class
2022-09-14/22:10:12		Entered the create_clusters method of the KMeansClustering class
2022-09-14/22:10:13		Succesful clusters created :: 4
2022-09-14/22:10:13		Exited the create_clusters method of the KMeansClustering class
2022-09-14/22:11:27		Starting of Clsuter: __init__ method of KMeansClustering class
2022-09-14/22:11:27		Entered the elbow_plot method of the KMeansClustering class
2022-09-14/22:11:31		The optimum number of clusters is: 4::
2022-09-14/22:11:31		Exited the elbow_plot method of the KMeansClustering class
2022-09-14/22:11:31		Entered the create_clusters method of the KMeansClustering class
2022-09-14/22:11:31		Succesful clusters created :: 4
2022-09-14/22:11:31		Exited the create_clusters method of the KMeansClustering class
2022-09-14/22:13:53		Starting of Clsuter: __init__ method of KMeansClustering class
2022-09-14/22:13:53		Entered the elbow_plot method of the KMeansClustering class
2022-09-14/22:13:57		The optimum number of clusters is: 4::
2022-09-14/22:13:57		Exited the elbow_plot method of the KMeansClustering class
2022-09-14/22:13:57		Entered the create_clusters method of the KMeansClustering class
2022-09-14/22:13:57		Succesful clusters created :: 4
2022-09-14/22:13:57		Exited the create_clusters method of the KMeansClustering class
2022-09-14/22:15:03		Starting of Clsuter: __init__ method of KMeansClustering class
2022-09-14/22:15:03		Entered the elbow_plot method of the KMeansClustering class
2022-09-14/22:15:07		The optimum number of clusters is: 4::
2022-09-14/22:15:07		Exited the elbow_plot method of the KMeansClustering class
2022-09-14/22:15:07		Entered the create_clusters method of the KMeansClustering class
2022-09-14/22:15:07		Succesful clusters created :: 4
2022-09-14/22:15:07		Exited the create_clusters method of the KMeansClustering class
2022-09-14/22:46:41		Starting of Clsuter: __init__ method of KMeansClustering class
2022-09-14/22:46:41		Entered the elbow_plot method of the KMeansClustering class
2022-09-14/22:46:45		The optimum number of clusters is: 4::
2022-09-14/22:46:45		Exited the elbow_plot method of the KMeansClustering class
2022-09-14/22:46:45		Entered the create_clusters method of the KMeansClustering class
2022-09-14/22:46:46		Succesful clusters created :: 4
2022-09-14/22:46:46		Exited the create_clusters method of the KMeansClustering class
2022-09-14/22:47:47		Starting of Clsuter: __init__ method of KMeansClustering class
2022-09-14/22:47:47		Entered the elbow_plot method of the KMeansClustering class
2022-09-14/22:47:51		The optimum number of clusters is: 4::
2022-09-14/22:47:51		Exited the elbow_plot method of the KMeansClustering class
2022-09-14/22:47:51		Entered the create_clusters method of the KMeansClustering class
2022-09-14/22:47:51		Succesful clusters created :: 4
2022-09-14/22:47:51		Exited the create_clusters method of the KMeansClustering class
2022-09-14/22:50:34		Starting of Clsuter: __init__ method of KMeansClustering class
2022-09-14/22:50:34		Entered the elbow_plot method of the KMeansClustering class
2022-09-14/22:50:38		The optimum number of clusters is: 4::
2022-09-14/22:50:38		Exited the elbow_plot method of the KMeansClustering class
2022-09-14/22:50:38		Entered the create_clusters method of the KMeansClustering class
2022-09-14/22:50:38		Succesful clusters created :: 4
2022-09-14/22:50:38		Exited the create_clusters method of the KMeansClustering class
2022-09-14/22:51:54		Starting of Clsuter: __init__ method of KMeansClustering class
2022-09-14/22:51:54		Entered the elbow_plot method of the KMeansClustering class
2022-09-14/22:51:57		The optimum number of clusters is: 4::
2022-09-14/22:51:57		Exited the elbow_plot method of the KMeansClustering class
2022-09-14/22:51:57		Entered the create_clusters method of the KMeansClustering class
2022-09-14/22:51:57		Succesful clusters created :: 4
2022-09-14/22:51:57		Exited the create_clusters method of the KMeansClustering class
2022-09-14/22:58:54		Starting of Clsuter: __init__ method of KMeansClustering class
2022-09-14/22:58:54		Entered the elbow_plot method of the KMeansClustering class
2022-09-14/22:58:58		The optimum number of clusters is: 4::
2022-09-14/22:58:58		Exited the elbow_plot method of the KMeansClustering class
2022-09-14/22:58:58		Entered the create_clusters method of the KMeansClustering class
2022-09-14/22:58:58		Succesful clusters created :: 4
2022-09-14/22:58:58		Exited the create_clusters method of the KMeansClustering class
2022-09-14/23:07:21		Starting of Clsuter: __init__ method of KMeansClustering class
2022-09-14/23:07:21		Entered the elbow_plot method of the KMeansClustering class
2022-09-14/23:07:25		The optimum number of clusters is: 4::
2022-09-14/23:07:25		Exited the elbow_plot method of the KMeansClustering class
2022-09-14/23:07:25		Entered the create_clusters method of the KMeansClustering class
2022-09-14/23:07:25		Succesful clusters created :: 4
2022-09-14/23:07:25		Exited the create_clusters method of the KMeansClustering class
2022-09-14/23:16:52		Starting of Clsuter: __init__ method of KMeansClustering class
2022-09-14/23:16:52		Entered the elbow_plot method of the KMeansClustering class
2022-09-14/23:16:56		The optimum number of clusters is: 4::
2022-09-14/23:16:56		Exited the elbow_plot method of the KMeansClustering class
2022-09-14/23:16:56		Entered the create_clusters method of the KMeansClustering class
2022-09-14/23:16:56		Succesful clusters created :: 4
2022-09-14/23:16:56		Exited the create_clusters method of the KMeansClustering class
2022-09-14/23:23:27		Starting of Clsuter: __init__ method of KMeansClustering class
2022-09-14/23:23:27		Entered the elbow_plot method of the KMeansClustering class
2022-09-14/23:23:30		The optimum number of clusters is: 4::
2022-09-14/23:23:30		Exited the elbow_plot method of the KMeansClustering class
2022-09-14/23:23:30		Entered the create_clusters method of the KMeansClustering class
2022-09-14/23:23:31		Succesful clusters created :: 4
2022-09-14/23:23:31		Exited the create_clusters method of the KMeansClustering class
2022-09-14/23:42:23		Starting of Clsuter: __init__ method of KMeansClustering class
2022-09-14/23:42:23		Entered the elbow_plot method of the KMeansClustering class
2022-09-14/23:42:27		The optimum number of clusters is: 4::
2022-09-14/23:42:27		Exited the elbow_plot method of the KMeansClustering class
2022-09-14/23:42:27		Entered the create_clusters method of the KMeansClustering class
2022-09-14/23:42:27		Succesful clusters created :: 4
2022-09-14/23:42:27		Exited the create_clusters method of the KMeansClustering class
2022-09-14/23:51:40		Starting of Clsuter: __init__ method of KMeansClustering class
2022-09-14/23:51:40		Entered the elbow_plot method of the KMeansClustering class
2022-09-14/23:51:44		The optimum number of clusters is: 4::
2022-09-14/23:51:44		Exited the elbow_plot method of the KMeansClustering class
2022-09-14/23:51:44		Entered the create_clusters method of the KMeansClustering class
2022-09-14/23:51:44		Succesful clusters created :: 4
2022-09-14/23:51:44		Exited the create_clusters method of the KMeansClustering class
2022-09-14/23:59:11		Starting of Clsuter: __init__ method of KMeansClustering class
2022-09-14/23:59:11		Entered the elbow_plot method of the KMeansClustering class
2022-09-14/23:59:17		The optimum number of clusters is: 4::
2022-09-14/23:59:17		Exited the elbow_plot method of the KMeansClustering class
2022-09-14/23:59:17		Entered the create_clusters method of the KMeansClustering class
2022-09-14/23:59:17		Succesful clusters created :: 4
2022-09-14/23:59:17		Exited the create_clusters method of the KMeansClustering class
2022-09-15/00:01:41		Starting of Clsuter: __init__ method of KMeansClustering class
2022-09-15/00:01:41		Entered the elbow_plot method of the KMeansClustering class
2022-09-15/00:01:45		The optimum number of clusters is: 4::
2022-09-15/00:01:45		Exited the elbow_plot method of the KMeansClustering class
2022-09-15/00:01:45		Entered the create_clusters method of the KMeansClustering class
2022-09-15/00:01:45		Succesful clusters created :: 4
2022-09-15/00:01:45		Exited the create_clusters method of the KMeansClustering class
2022-09-15/00:14:54		Starting of Clsuter: __init__ method of KMeansClustering class
2022-09-15/00:14:54		Entered the elbow_plot method of the KMeansClustering class
2022-09-15/00:14:56		The optimum number of clusters is: 4::
2022-09-15/00:14:56		Exited the elbow_plot method of the KMeansClustering class
2022-09-15/00:14:56		Entered the create_clusters method of the KMeansClustering class
2022-09-15/00:14:56		Succesful clusters created :: 4
2022-09-15/00:14:56		Exited the create_clusters method of the KMeansClustering class
2022-09-18/23:13:21		Starting of Clsuter: __init__ method of KMeansClustering class
2022-09-18/23:13:21		Entered the elbow_plot method of the KMeansClustering class
2022-09-18/23:21:58		The optimum number of clusters is: 4::
2022-09-18/23:21:58		Exited the elbow_plot method of the KMeansClustering class
2022-09-18/23:21:58		Entered the create_clusters method of the KMeansClustering class
2022-09-18/23:21:58		Succesful clusters created :: 4
2022-09-18/23:21:58		Exited the create_clusters method of the KMeansClustering class
2022-09-18/23:51:14		Starting of Clsuter: __init__ method of KMeansClustering class
2022-09-18/23:51:14		Entered the elbow_plot method of the KMeansClustering class
2022-09-18/23:51:19		The optimum number of clusters is: 4::
2022-09-18/23:51:19		Exited the elbow_plot method of the KMeansClustering class
2022-09-18/23:51:19		Entered the create_clusters method of the KMeansClustering class
2022-09-18/23:51:19		Succesful clusters created :: 4
2022-09-18/23:51:19		Exited the create_clusters method of the KMeansClustering class
2022-09-20/20:41:10		Starting of Clsuter: __init__ method of KMeansClustering class
2022-09-20/20:41:10		Entered the elbow_plot method of the KMeansClustering class
2022-09-20/20:42:00		The optimum number of clusters is: 4::
2022-09-20/20:42:00		Exited the elbow_plot method of the KMeansClustering class
2022-09-20/20:42:00		Entered the create_clusters method of the KMeansClustering class
2022-09-20/20:42:00		Succesful clusters created :: 4
2022-09-20/20:42:00		Exited the create_clusters method of the KMeansClustering class
2022-09-20/21:12:19		Starting of Clsuter: __init__ method of KMeansClustering class
2022-09-20/21:12:19		Entered the elbow_plot method of the KMeansClustering class
2022-09-20/21:12:29		The optimum number of clusters is: 4::
2022-09-20/21:12:29		Exited the elbow_plot method of the KMeansClustering class
2022-09-20/21:12:29		Entered the create_clusters method of the KMeansClustering class
2022-09-20/21:12:29		Succesful clusters created :: 4
2022-09-20/21:12:29		Exited the create_clusters method of the KMeansClustering class
2022-09-20/21:30:25		Starting of Clsuter: __init__ method of KMeansClustering class
2022-09-20/21:30:25		Entered the elbow_plot method of the KMeansClustering class
2022-09-20/21:30:33		The optimum number of clusters is: 4::
2022-09-20/21:30:33		Exited the elbow_plot method of the KMeansClustering class
2022-09-20/21:30:33		Entered the create_clusters method of the KMeansClustering class
2022-09-20/21:30:33		Succesful clusters created :: 4
2022-09-20/21:30:33		Exited the create_clusters method of the KMeansClustering class
2022-09-20/21:53:25		Starting of Clsuter: __init__ method of KMeansClustering class
2022-09-20/21:53:25		Entered the elbow_plot method of the KMeansClustering class
2022-09-20/21:53:32		The optimum number of clusters is: 4::
2022-09-20/21:53:32		Exited the elbow_plot method of the KMeansClustering class
2022-09-20/21:53:32		Entered the create_clusters method of the KMeansClustering class
2022-09-20/21:53:32		Succesful clusters created :: 4
2022-09-20/21:53:32		Exited the create_clusters method of the KMeansClustering class
2022-09-20/23:21:29		Starting of Clsuter: __init__ method of KMeansClustering class
2022-09-20/23:21:29		Entered the elbow_plot method of the KMeansClustering class
2022-09-20/23:21:37		The optimum number of clusters is: 4::
2022-09-20/23:21:37		Exited the elbow_plot method of the KMeansClustering class
2022-09-20/23:21:37		Entered the create_clusters method of the KMeansClustering class
2022-09-20/23:21:38		Succesful clusters created :: 4
2022-09-20/23:21:38		Exited the create_clusters method of the KMeansClustering class
2022-09-20/23:26:50		Starting of Clsuter: __init__ method of KMeansClustering class
2022-09-20/23:26:50		Entered the elbow_plot method of the KMeansClustering class
2022-09-20/23:28:01		The optimum number of clusters is: 4::
2022-09-20/23:28:01		Exited the elbow_plot method of the KMeansClustering class
2022-09-20/23:28:01		Entered the create_clusters method of the KMeansClustering class
2022-09-20/23:28:01		Succesful clusters created :: 4
2022-09-20/23:28:01		Exited the create_clusters method of the KMeansClustering class
2022-09-20/23:30:58		Starting of Clsuter: __init__ method of KMeansClustering class
2022-09-20/23:30:58		Entered the elbow_plot method of the KMeansClustering class
2022-09-20/23:31:10		Exception occured in elbow_plot method of the KMeansClustering class. Exception message:main thread is not in main loop::
2022-09-20/23:31:10		Finding the number of clusters failed. Exited the elbow_plot method of the KMeansClustering class
2022-09-20/23:34:08		Starting of Clsuter: __init__ method of KMeansClustering class
2022-09-20/23:34:08		Entered the elbow_plot method of the KMeansClustering class
2022-09-20/23:34:18		The optimum number of clusters is: 4::
2022-09-20/23:34:18		Exited the elbow_plot method of the KMeansClustering class
2022-09-20/23:34:18		Entered the create_clusters method of the KMeansClustering class
2022-09-20/23:34:18		Succesful clusters created :: 4
2022-09-20/23:34:18		Exited the create_clusters method of the KMeansClustering class
2022-09-20/23:35:18		Starting of Clsuter: __init__ method of KMeansClustering class
2022-09-20/23:35:18		Entered the elbow_plot method of the KMeansClustering class
2022-09-20/23:35:26		The optimum number of clusters is: 4::
2022-09-20/23:35:26		Exited the elbow_plot method of the KMeansClustering class
2022-09-20/23:35:26		Entered the create_clusters method of the KMeansClustering class
2022-09-20/23:35:26		Succesful clusters created :: 4
2022-09-20/23:35:26		Exited the create_clusters method of the KMeansClustering class
2022-09-20/23:36:48		Starting of Clsuter: __init__ method of KMeansClustering class
2022-09-20/23:36:48		Entered the elbow_plot method of the KMeansClustering class
2022-09-20/23:36:57		The optimum number of clusters is: 4::
2022-09-20/23:36:57		Exited the elbow_plot method of the KMeansClustering class
2022-09-20/23:36:57		Entered the create_clusters method of the KMeansClustering class
2022-09-20/23:36:58		Succesful clusters created :: 4
2022-09-20/23:36:58		Exited the create_clusters method of the KMeansClustering class
2022-09-20/23:38:33		Starting of Clsuter: __init__ method of KMeansClustering class
2022-09-20/23:38:33		Entered the elbow_plot method of the KMeansClustering class
2022-09-20/23:38:41		The optimum number of clusters is: 4::
2022-09-20/23:38:41		Exited the elbow_plot method of the KMeansClustering class
2022-09-20/23:38:41		Entered the create_clusters method of the KMeansClustering class
2022-09-20/23:38:41		Succesful clusters created :: 4
2022-09-20/23:38:41		Exited the create_clusters method of the KMeansClustering class
2022-09-20/23:41:41		Starting of Clsuter: __init__ method of KMeansClustering class
2022-09-20/23:41:41		Entered the elbow_plot method of the KMeansClustering class
2022-09-20/23:41:52		The optimum number of clusters is: 4::
2022-09-20/23:41:52		Exited the elbow_plot method of the KMeansClustering class
2022-09-20/23:41:52		Entered the create_clusters method of the KMeansClustering class
2022-09-20/23:41:52		Succesful clusters created :: 4
2022-09-20/23:41:52		Exited the create_clusters method of the KMeansClustering class
2022-09-20/23:43:42		Starting of Clsuter: __init__ method of KMeansClustering class
2022-09-20/23:43:42		Entered the elbow_plot method of the KMeansClustering class
2022-09-20/23:43:51		The optimum number of clusters is: 4::
2022-09-20/23:43:51		Exited the elbow_plot method of the KMeansClustering class
2022-09-20/23:43:51		Entered the create_clusters method of the KMeansClustering class
2022-09-20/23:43:51		Succesful clusters created :: 4
2022-09-20/23:43:51		Exited the create_clusters method of the KMeansClustering class
2022-09-21/09:15:52		Starting of Clsuter: __init__ method of KMeansClustering class
2022-09-21/09:15:52		Entered the elbow_plot method of the KMeansClustering class
2022-09-21/09:16:03		The optimum number of clusters is: 4::
2022-09-21/09:16:03		Exited the elbow_plot method of the KMeansClustering class
2022-09-21/09:16:03		Entered the create_clusters method of the KMeansClustering class
2022-09-21/09:16:03		Succesful clusters created :: 4
2022-09-21/09:16:03		Exited the create_clusters method of the KMeansClustering class
2022-09-21/10:02:19		Starting of Clsuter: __init__ method of KMeansClustering class
2022-09-21/10:02:19		Entered the elbow_plot method of the KMeansClustering class
2022-09-21/10:02:39		Exception occured in elbow_plot method of the KMeansClustering class. Exception message:main thread is not in main loop::
2022-09-21/10:02:39		Finding the number of clusters failed. Exited the elbow_plot method of the KMeansClustering class
2022-09-21/10:03:59		Starting of Clsuter: __init__ method of KMeansClustering class
2022-09-21/10:03:59		Entered the elbow_plot method of the KMeansClustering class
2022-09-21/10:04:09		The optimum number of clusters is: 4::
2022-09-21/10:04:09		Exited the elbow_plot method of the KMeansClustering class
2022-09-21/10:04:09		Entered the create_clusters method of the KMeansClustering class
2022-09-21/10:04:10		Succesful clusters created :: 4
2022-09-21/10:04:10		Exited the create_clusters method of the KMeansClustering class
