2022-09-08/00:50:33		Entered the save_model method of the File_Operation class
2022-09-08/00:50:33		Exception occured in save_model method of the Model_Finder class. Exception message: apply_log() takes 3 positional arguments but 4 were given::
2022-09-08/00:53:43		Entered the save_model method of the File_Operation class
2022-09-08/00:53:43		Exception occured in save_model method of the Model_Finder class. Exception message: apply_log() takes 3 positional arguments but 4 were given::
2022-09-08/00:58:42		Entered the save_model method of the File_Operation class
2022-09-08/00:58:42		Exception occured in save_model method of the Model_Finder class. Exception message: can only concatenate str (not "tuple") to str::
2022-09-08/01:01:19		Entered the save_model method of the File_Operation class
2022-09-08/01:01:19		Model FileKMeanssaved. Exited the save_model method of the Model_Finder class
2022-09-08/01:04:29		Entered the save_model method of the File_Operation class
2022-09-08/01:04:29		Model FileKMeanssaved. Exited the save_model method of the File_Operation class
2022-09-13/00:00:59		Entered the save_model method of the File_Operation class
2022-09-13/00:00:59		Model FileKMeanssaved. Exited the save_model method of the File_Operation class
2022-09-13/01:53:07		Entered the save_model method of the File_Operation class
2022-09-13/01:53:07		Model FileKMeanssaved. Exited the save_model method of the File_Operation class
2022-09-14/21:50:15		Entered the save_model method of the File_Operation class
2022-09-14/21:50:15		Model FileKMeanssaved. Exited the save_model method of the File_Operation class
2022-09-14/22:07:00		Entered the save_model method of the File_Operation class
2022-09-14/22:07:00		Model FileKMeanssaved. Exited the save_model method of the File_Operation class
2022-09-14/22:10:13		Entered the save_model method of the File_Operation class
2022-09-14/22:10:13		Model FileKMeanssaved. Exited the save_model method of the File_Operation class
2022-09-14/22:11:31		Entered the save_model method of the File_Operation class
2022-09-14/22:11:31		Model FileKMeanssaved. Exited the save_model method of the File_Operation class
2022-09-14/22:13:57		Entered the save_model method of the File_Operation class
2022-09-14/22:13:57		Model FileKMeanssaved. Exited the save_model method of the File_Operation class
2022-09-14/22:15:07		Entered the save_model method of the File_Operation class
2022-09-14/22:15:07		Model FileKMeanssaved. Exited the save_model method of the File_Operation class
2022-09-14/22:46:46		Entered the save_model method of the File_Operation class
2022-09-14/22:46:46		Model FileKMeanssaved. Exited the save_model method of the File_Operation class
2022-09-14/22:47:51		Entered the save_model method of the File_Operation class
2022-09-14/22:47:51		Model FileKMeanssaved. Exited the save_model method of the File_Operation class
2022-09-14/22:50:38		Entered the save_model method of the File_Operation class
2022-09-14/22:50:38		Model FileKMeanssaved. Exited the save_model method of the File_Operation class
2022-09-14/22:51:57		Entered the save_model method of the File_Operation class
2022-09-14/22:51:57		Model FileKMeanssaved. Exited the save_model method of the File_Operation class
2022-09-14/22:58:58		Entered the save_model method of the File_Operation class
2022-09-14/22:58:58		Model FileKMeanssaved. Exited the save_model method of the File_Operation class
2022-09-14/23:07:25		Entered the save_model method of the File_Operation class
2022-09-14/23:07:25		Model FileKMeanssaved. Exited the save_model method of the File_Operation class
2022-09-14/23:16:56		Entered the save_model method of the File_Operation class
2022-09-14/23:16:56		Model FileKMeanssaved. Exited the save_model method of the File_Operation class
2022-09-14/23:23:31		Entered the save_model method of the File_Operation class
2022-09-14/23:23:31		Model FileKMeanssaved. Exited the save_model method of the File_Operation class
2022-09-14/23:42:27		Entered the save_model method of the File_Operation class
2022-09-14/23:42:27		Model FileKMeanssaved. Exited the save_model method of the File_Operation class
2022-09-14/23:51:44		Entered the save_model method of the File_Operation class
2022-09-14/23:51:44		Model FileKMeanssaved. Exited the save_model method of the File_Operation class
2022-09-14/23:59:17		Entered the save_model method of the File_Operation class
2022-09-14/23:59:17		Model FileKMeanssaved. Exited the save_model method of the File_Operation class
2022-09-15/00:01:45		Entered the save_model method of the File_Operation class
2022-09-15/00:01:45		Model FileKMeanssaved. Exited the save_model method of the File_Operation class
2022-09-15/00:14:56		Entered the save_model method of the File_Operation class
2022-09-15/00:14:56		Model FileKMeanssaved. Exited the save_model method of the File_Operation class
2022-09-15/00:16:08		Entered the save_model method of the File_Operation class
2022-09-15/00:16:08		Model FileSVM3saved. Exited the save_model method of the File_Operation class
2022-09-15/00:30:05		Entered the save_model method of the File_Operation class
2022-09-15/00:30:05		Model FileSVM0saved. Exited the save_model method of the File_Operation class
2022-09-15/00:37:39		Entered the save_model method of the File_Operation class
2022-09-15/00:37:39		Model FileSVM2saved. Exited the save_model method of the File_Operation class
2022-09-15/00:39:41		Entered the save_model method of the File_Operation class
2022-09-15/00:39:41		Model FileSVM1saved. Exited the save_model method of the File_Operation class
2022-09-18/01:15:05		Entered the load_model method of the File_Operation class
2022-09-18/01:15:05		Model FileKMeans loaded.Exited the load_model method of the File_Operation class
2022-09-18/01:15:05		Entered the find_correct_model_file method of the File_Operation class
2022-09-18/01:15:06		Exception occured in find_correct_model_file method of the File_Operation class. Exception message:'File_Operation' object has no attribute 'model_name'::
2022-09-18/01:15:06		Exited the find_correct_model_file method of the File_Operation class with Failure
2022-09-18/01:21:53		Entered the load_model method of the File_Operation class
2022-09-18/01:21:53		Model FileKMeans loaded.Exited the load_model method of the File_Operation class
2022-09-18/01:21:54		Entered the find_correct_model_file method of the File_Operation class
2022-09-18/01:21:54		Exception occured in find_correct_model_file method of the File_Operation class. Exception message:'File_Operation' object has no attribute 'model_name'::
2022-09-18/01:21:54		Exited the find_correct_model_file method of the File_Operation class with Failure
2022-09-18/01:25:37		Entered the load_model method of the File_Operation class
2022-09-18/01:25:37		Model FileKMeans loaded.Exited the load_model method of the File_Operation class
2022-09-18/01:25:37		Entered the find_correct_model_file method of the File_Operation class
2022-09-18/01:25:37		Exception occured in find_correct_model_file method of the File_Operation class. Exception message:'File_Operation' object has no attribute 'model_name'::
2022-09-18/01:25:37		Exited the find_correct_model_file method of the File_Operation class with Failure
2022-09-18/01:30:48		Entered the load_model method of the File_Operation class
2022-09-18/01:30:48		Model FileKMeans loaded.Exited the load_model method of the File_Operation class
2022-09-18/01:30:48		Entered the find_correct_model_file method of the File_Operation class
2022-09-18/01:30:48		Exited the find_correct_model_file method of the File_Operation class.
2022-09-18/01:30:48		Entered the load_model method of the File_Operation class
2022-09-18/01:30:48		Model FileSVM3 loaded.Exited the load_model method of the File_Operation class
2022-09-18/01:31:48		Entered the load_model method of the File_Operation class
2022-09-18/01:31:48		Model FileKMeans loaded.Exited the load_model method of the File_Operation class
2022-09-18/01:31:48		Entered the find_correct_model_file method of the File_Operation class
2022-09-18/01:31:48		Exited the find_correct_model_file method of the File_Operation class.
2022-09-18/01:31:48		Entered the load_model method of the File_Operation class
2022-09-18/01:31:48		Model FileSVM3 loaded.Exited the load_model method of the File_Operation class
2022-09-18/01:31:48		Entered the find_correct_model_file method of the File_Operation class
2022-09-18/01:31:48		Exited the find_correct_model_file method of the File_Operation class.
2022-09-18/01:31:48		Entered the load_model method of the File_Operation class
2022-09-18/01:31:48		Model FileSVM0 loaded.Exited the load_model method of the File_Operation class
2022-09-18/01:31:48		Entered the find_correct_model_file method of the File_Operation class
2022-09-18/01:31:48		Exited the find_correct_model_file method of the File_Operation class.
2022-09-18/01:31:48		Entered the load_model method of the File_Operation class
2022-09-18/01:31:48		Model FileSVM2 loaded.Exited the load_model method of the File_Operation class
2022-09-18/01:31:48		Entered the find_correct_model_file method of the File_Operation class
2022-09-18/01:31:48		Exited the find_correct_model_file method of the File_Operation class.
2022-09-18/01:31:48		Entered the load_model method of the File_Operation class
2022-09-18/01:31:48		Model FileSVM1 loaded.Exited the load_model method of the File_Operation class
2022-09-18/01:35:18		Entered the load_model method of the File_Operation class
2022-09-18/01:35:18		Model FileKMeans loaded.Exited the load_model method of the File_Operation class
2022-09-18/01:35:18		Entered the find_correct_model_file method of the File_Operation class
2022-09-18/01:35:18		Exited the find_correct_model_file method of the File_Operation class.
2022-09-18/01:35:18		Entered the load_model method of the File_Operation class
2022-09-18/01:35:18		Model FileSVM3 loaded.Exited the load_model method of the File_Operation class
2022-09-18/01:35:18		Entered the find_correct_model_file method of the File_Operation class
2022-09-18/01:35:18		Exited the find_correct_model_file method of the File_Operation class.
2022-09-18/01:35:18		Entered the load_model method of the File_Operation class
2022-09-18/01:35:18		Model FileSVM0 loaded.Exited the load_model method of the File_Operation class
2022-09-18/01:35:19		Entered the find_correct_model_file method of the File_Operation class
2022-09-18/01:35:19		Exited the find_correct_model_file method of the File_Operation class.
2022-09-18/01:35:19		Entered the load_model method of the File_Operation class
2022-09-18/01:35:19		Model FileSVM2 loaded.Exited the load_model method of the File_Operation class
2022-09-18/01:35:19		Entered the find_correct_model_file method of the File_Operation class
2022-09-18/01:35:19		Exited the find_correct_model_file method of the File_Operation class.
2022-09-18/01:35:19		Entered the load_model method of the File_Operation class
2022-09-18/01:35:19		Model FileSVM1 loaded.Exited the load_model method of the File_Operation class
2022-09-18/01:36:01		Entered the load_model method of the File_Operation class
2022-09-18/01:36:01		Model FileKMeans loaded.Exited the load_model method of the File_Operation class
2022-09-18/01:36:01		Entered the find_correct_model_file method of the File_Operation class
2022-09-18/01:36:01		Exited the find_correct_model_file method of the File_Operation class.
2022-09-18/01:36:01		Entered the load_model method of the File_Operation class
2022-09-18/01:36:01		Model FileSVM3 loaded.Exited the load_model method of the File_Operation class
2022-09-18/01:36:01		Entered the find_correct_model_file method of the File_Operation class
2022-09-18/01:36:01		Exited the find_correct_model_file method of the File_Operation class.
2022-09-18/01:36:01		Entered the load_model method of the File_Operation class
2022-09-18/01:36:01		Model FileSVM0 loaded.Exited the load_model method of the File_Operation class
2022-09-18/01:36:01		Entered the find_correct_model_file method of the File_Operation class
2022-09-18/01:36:01		Exited the find_correct_model_file method of the File_Operation class.
2022-09-18/01:36:01		Entered the load_model method of the File_Operation class
2022-09-18/01:36:01		Model FileSVM2 loaded.Exited the load_model method of the File_Operation class
2022-09-18/01:36:01		Entered the find_correct_model_file method of the File_Operation class
2022-09-18/01:36:01		Exited the find_correct_model_file method of the File_Operation class.
2022-09-18/01:36:01		Entered the load_model method of the File_Operation class
2022-09-18/01:36:01		Model FileSVM1 loaded.Exited the load_model method of the File_Operation class
2022-09-18/01:37:34		Entered the load_model method of the File_Operation class
2022-09-18/01:37:34		Model FileKMeans loaded.Exited the load_model method of the File_Operation class
2022-09-18/01:37:34		Entered the find_correct_model_file method of the File_Operation class
2022-09-18/01:37:34		Exited the find_correct_model_file method of the File_Operation class.
2022-09-18/01:37:34		Entered the load_model method of the File_Operation class
2022-09-18/01:37:34		Model FileSVM3 loaded.Exited the load_model method of the File_Operation class
2022-09-18/01:37:34		Entered the find_correct_model_file method of the File_Operation class
2022-09-18/01:37:34		Exited the find_correct_model_file method of the File_Operation class.
2022-09-18/01:37:34		Entered the load_model method of the File_Operation class
2022-09-18/01:37:34		Model FileSVM0 loaded.Exited the load_model method of the File_Operation class
2022-09-18/01:37:34		Entered the find_correct_model_file method of the File_Operation class
2022-09-18/01:37:34		Exited the find_correct_model_file method of the File_Operation class.
2022-09-18/01:37:34		Entered the load_model method of the File_Operation class
2022-09-18/01:37:34		Model FileSVM2 loaded.Exited the load_model method of the File_Operation class
2022-09-18/01:37:34		Entered the find_correct_model_file method of the File_Operation class
2022-09-18/01:37:34		Exited the find_correct_model_file method of the File_Operation class.
2022-09-18/01:37:34		Entered the load_model method of the File_Operation class
2022-09-18/01:37:34		Model FileSVM1 loaded.Exited the load_model method of the File_Operation class
2022-09-18/01:43:11		Entered the load_model method of the File_Operation class
2022-09-18/01:43:11		Model FileKMeans loaded.Exited the load_model method of the File_Operation class
2022-09-18/01:43:11		Entered the find_correct_model_file method of the File_Operation class
2022-09-18/01:43:11		Exited the find_correct_model_file method of the File_Operation class.
2022-09-18/01:43:11		Entered the load_model method of the File_Operation class
2022-09-18/01:43:11		Model FileSVM3 loaded.Exited the load_model method of the File_Operation class
2022-09-18/01:43:11		Entered the find_correct_model_file method of the File_Operation class
2022-09-18/01:43:11		Exited the find_correct_model_file method of the File_Operation class.
2022-09-18/01:43:11		Entered the load_model method of the File_Operation class
2022-09-18/01:43:11		Model FileSVM0 loaded.Exited the load_model method of the File_Operation class
2022-09-18/01:43:12		Entered the find_correct_model_file method of the File_Operation class
2022-09-18/01:43:12		Exited the find_correct_model_file method of the File_Operation class.
2022-09-18/01:43:12		Entered the load_model method of the File_Operation class
2022-09-18/01:43:12		Model FileSVM2 loaded.Exited the load_model method of the File_Operation class
2022-09-18/01:43:12		Entered the find_correct_model_file method of the File_Operation class
2022-09-18/01:43:12		Exited the find_correct_model_file method of the File_Operation class.
2022-09-18/01:43:12		Entered the load_model method of the File_Operation class
2022-09-18/01:43:12		Model FileSVM1 loaded.Exited the load_model method of the File_Operation class
2022-09-18/01:45:14		Entered the load_model method of the File_Operation class
2022-09-18/01:45:14		Model FileKMeans loaded.Exited the load_model method of the File_Operation class
2022-09-18/01:45:14		Entered the find_correct_model_file method of the File_Operation class
2022-09-18/01:45:14		Exited the find_correct_model_file method of the File_Operation class.
2022-09-18/01:45:14		Entered the load_model method of the File_Operation class
2022-09-18/01:45:14		Model FileSVM3 loaded.Exited the load_model method of the File_Operation class
2022-09-18/01:45:14		Entered the find_correct_model_file method of the File_Operation class
2022-09-18/01:45:14		Exited the find_correct_model_file method of the File_Operation class.
2022-09-18/01:45:14		Entered the load_model method of the File_Operation class
2022-09-18/01:45:14		Model FileSVM0 loaded.Exited the load_model method of the File_Operation class
2022-09-18/01:45:14		Entered the find_correct_model_file method of the File_Operation class
2022-09-18/01:45:14		Exited the find_correct_model_file method of the File_Operation class.
2022-09-18/01:45:14		Entered the load_model method of the File_Operation class
2022-09-18/01:45:14		Model FileSVM2 loaded.Exited the load_model method of the File_Operation class
2022-09-18/01:45:14		Entered the find_correct_model_file method of the File_Operation class
2022-09-18/01:45:14		Exited the find_correct_model_file method of the File_Operation class.
2022-09-18/01:45:14		Entered the load_model method of the File_Operation class
2022-09-18/01:45:14		Model FileSVM1 loaded.Exited the load_model method of the File_Operation class
2022-09-18/01:52:36		Entered the load_model method of the File_Operation class
2022-09-18/01:52:36		Model FileKMeans loaded.Exited the load_model method of the File_Operation class
2022-09-18/01:52:36		Entered the find_correct_model_file method of the File_Operation class
2022-09-18/01:52:36		Exited the find_correct_model_file method of the File_Operation class.
2022-09-18/01:52:36		Entered the load_model method of the File_Operation class
2022-09-18/01:52:36		Model FileSVM3 loaded.Exited the load_model method of the File_Operation class
2022-09-18/01:52:37		Entered the find_correct_model_file method of the File_Operation class
2022-09-18/01:52:37		Exited the find_correct_model_file method of the File_Operation class.
2022-09-18/01:52:37		Entered the load_model method of the File_Operation class
2022-09-18/01:52:37		Model FileSVM0 loaded.Exited the load_model method of the File_Operation class
2022-09-18/01:52:37		Entered the find_correct_model_file method of the File_Operation class
2022-09-18/01:52:37		Exited the find_correct_model_file method of the File_Operation class.
2022-09-18/01:52:37		Entered the load_model method of the File_Operation class
2022-09-18/01:52:37		Model FileSVM2 loaded.Exited the load_model method of the File_Operation class
2022-09-18/01:52:37		Entered the find_correct_model_file method of the File_Operation class
2022-09-18/01:52:37		Exited the find_correct_model_file method of the File_Operation class.
2022-09-18/01:52:37		Entered the load_model method of the File_Operation class
2022-09-18/01:52:37		Model FileSVM1 loaded.Exited the load_model method of the File_Operation class
2022-09-18/22:43:30		Entered the load_model method of the File_Operation class
2022-09-18/22:43:30		Model FileKMeans loaded.Exited the load_model method of the File_Operation class
2022-09-18/22:43:30		Entered the find_correct_model_file method of the File_Operation class
2022-09-18/22:43:30		Exited the find_correct_model_file method of the File_Operation class.
2022-09-18/22:43:30		Entered the load_model method of the File_Operation class
2022-09-18/22:43:30		Model FileSVM3 loaded.Exited the load_model method of the File_Operation class
2022-09-18/22:43:30		Entered the find_correct_model_file method of the File_Operation class
2022-09-18/22:43:30		Exited the find_correct_model_file method of the File_Operation class.
2022-09-18/22:43:30		Entered the load_model method of the File_Operation class
2022-09-18/22:43:30		Model FileSVM0 loaded.Exited the load_model method of the File_Operation class
2022-09-18/22:43:31		Entered the find_correct_model_file method of the File_Operation class
2022-09-18/22:43:31		Exited the find_correct_model_file method of the File_Operation class.
2022-09-18/22:43:31		Entered the load_model method of the File_Operation class
2022-09-18/22:43:31		Model FileSVM2 loaded.Exited the load_model method of the File_Operation class
2022-09-18/22:43:31		Entered the find_correct_model_file method of the File_Operation class
2022-09-18/22:43:31		Exited the find_correct_model_file method of the File_Operation class.
2022-09-18/22:43:31		Entered the load_model method of the File_Operation class
2022-09-18/22:43:31		Model FileSVM1 loaded.Exited the load_model method of the File_Operation class
2022-09-18/23:21:58		Entered the save_model method of the File_Operation class
2022-09-18/23:21:58		Model FileKMeanssaved. Exited the save_model method of the File_Operation class
2022-09-18/23:23:10		Entered the save_model method of the File_Operation class
2022-09-18/23:23:10		Model FileSVM3saved. Exited the save_model method of the File_Operation class
2022-09-18/23:51:19		Entered the save_model method of the File_Operation class
2022-09-18/23:51:19		Model FileKMeanssaved. Exited the save_model method of the File_Operation class
2022-09-18/23:52:33		Entered the save_model method of the File_Operation class
2022-09-18/23:52:33		Model FileSVM3saved. Exited the save_model method of the File_Operation class
2022-09-19/00:04:07		Entered the save_model method of the File_Operation class
2022-09-19/00:04:07		Model FileSVM0saved. Exited the save_model method of the File_Operation class
2022-09-19/00:11:00		Entered the save_model method of the File_Operation class
2022-09-19/00:11:00		Model FileSVM2saved. Exited the save_model method of the File_Operation class
2022-09-19/00:12:48		Entered the save_model method of the File_Operation class
2022-09-19/00:12:48		Model FileSVM1saved. Exited the save_model method of the File_Operation class
2022-09-19/22:36:55		Entered the load_model method of the File_Operation class
2022-09-19/22:36:55		Model FileKMeans loaded.Exited the load_model method of the File_Operation class
2022-09-19/22:36:55		Entered the find_correct_model_file method of the File_Operation class
2022-09-19/22:36:55		Exited the find_correct_model_file method of the File_Operation class.
2022-09-19/22:36:55		Entered the load_model method of the File_Operation class
2022-09-19/22:36:55		Model FileSVM3 loaded.Exited the load_model method of the File_Operation class
2022-09-19/22:36:55		Entered the find_correct_model_file method of the File_Operation class
2022-09-19/22:36:55		Exited the find_correct_model_file method of the File_Operation class.
2022-09-19/22:36:55		Entered the load_model method of the File_Operation class
2022-09-19/22:36:55		Model FileSVM0 loaded.Exited the load_model method of the File_Operation class
2022-09-19/22:36:55		Entered the find_correct_model_file method of the File_Operation class
2022-09-19/22:36:55		Exited the find_correct_model_file method of the File_Operation class.
2022-09-19/22:36:55		Entered the load_model method of the File_Operation class
2022-09-19/22:36:55		Model FileSVM2 loaded.Exited the load_model method of the File_Operation class
2022-09-19/22:36:55		Entered the find_correct_model_file method of the File_Operation class
2022-09-19/22:36:55		Exited the find_correct_model_file method of the File_Operation class.
2022-09-19/22:36:55		Entered the load_model method of the File_Operation class
2022-09-19/22:36:55		Model FileSVM1 loaded.Exited the load_model method of the File_Operation class
2022-09-20/17:52:24		Entered the load_model method of the File_Operation class
2022-09-20/17:52:24		Model FileKMeans loaded.Exited the load_model method of the File_Operation class
2022-09-20/17:52:25		Entered the find_correct_model_file method of the File_Operation class
2022-09-20/17:52:25		Exited the find_correct_model_file method of the File_Operation class.
2022-09-20/17:52:25		Entered the load_model method of the File_Operation class
2022-09-20/17:52:25		Model FileSVM3 loaded.Exited the load_model method of the File_Operation class
2022-09-20/17:52:25		Entered the find_correct_model_file method of the File_Operation class
2022-09-20/17:52:25		Exited the find_correct_model_file method of the File_Operation class.
2022-09-20/17:52:25		Entered the load_model method of the File_Operation class
2022-09-20/17:52:25		Model FileSVM0 loaded.Exited the load_model method of the File_Operation class
2022-09-20/17:52:25		Entered the find_correct_model_file method of the File_Operation class
2022-09-20/17:52:25		Exited the find_correct_model_file method of the File_Operation class.
2022-09-20/17:52:25		Entered the load_model method of the File_Operation class
2022-09-20/17:52:25		Model FileSVM2 loaded.Exited the load_model method of the File_Operation class
2022-09-20/17:52:25		Entered the find_correct_model_file method of the File_Operation class
2022-09-20/17:52:25		Exited the find_correct_model_file method of the File_Operation class.
2022-09-20/17:52:25		Entered the load_model method of the File_Operation class
2022-09-20/17:52:25		Model FileSVM1 loaded.Exited the load_model method of the File_Operation class
2022-09-20/19:44:17		Entered the load_model method of the File_Operation class
2022-09-20/19:44:17		Model FileKMeans loaded.Exited the load_model method of the File_Operation class
2022-09-20/19:44:17		Entered the find_correct_model_file method of the File_Operation class
2022-09-20/19:44:17		Exited the find_correct_model_file method of the File_Operation class.
2022-09-20/19:44:17		Entered the load_model method of the File_Operation class
2022-09-20/19:44:17		Model FileSVM3 loaded.Exited the load_model method of the File_Operation class
2022-09-20/19:44:17		Entered the find_correct_model_file method of the File_Operation class
2022-09-20/19:44:17		Exited the find_correct_model_file method of the File_Operation class.
2022-09-20/19:44:17		Entered the load_model method of the File_Operation class
2022-09-20/19:44:17		Model FileSVM0 loaded.Exited the load_model method of the File_Operation class
2022-09-20/19:44:17		Entered the find_correct_model_file method of the File_Operation class
2022-09-20/19:44:17		Exited the find_correct_model_file method of the File_Operation class.
2022-09-20/19:44:17		Entered the load_model method of the File_Operation class
2022-09-20/19:44:17		Model FileSVM2 loaded.Exited the load_model method of the File_Operation class
2022-09-20/19:44:18		Entered the find_correct_model_file method of the File_Operation class
2022-09-20/19:44:18		Exited the find_correct_model_file method of the File_Operation class.
2022-09-20/19:44:18		Entered the load_model method of the File_Operation class
2022-09-20/19:44:18		Model FileSVM1 loaded.Exited the load_model method of the File_Operation class
2022-09-20/19:47:14		Entered the load_model method of the File_Operation class
2022-09-20/19:47:14		Model FileKMeans loaded.Exited the load_model method of the File_Operation class
2022-09-20/19:47:15		Entered the find_correct_model_file method of the File_Operation class
2022-09-20/19:47:15		Exited the find_correct_model_file method of the File_Operation class.
2022-09-20/19:47:15		Entered the load_model method of the File_Operation class
2022-09-20/19:47:15		Model FileSVM3 loaded.Exited the load_model method of the File_Operation class
2022-09-20/19:47:15		Entered the find_correct_model_file method of the File_Operation class
2022-09-20/19:47:15		Exited the find_correct_model_file method of the File_Operation class.
2022-09-20/19:47:15		Entered the load_model method of the File_Operation class
2022-09-20/19:47:15		Model FileSVM0 loaded.Exited the load_model method of the File_Operation class
2022-09-20/19:47:15		Entered the find_correct_model_file method of the File_Operation class
2022-09-20/19:47:15		Exited the find_correct_model_file method of the File_Operation class.
2022-09-20/19:47:15		Entered the load_model method of the File_Operation class
2022-09-20/19:47:15		Model FileSVM2 loaded.Exited the load_model method of the File_Operation class
2022-09-20/19:47:15		Entered the find_correct_model_file method of the File_Operation class
2022-09-20/19:47:15		Exited the find_correct_model_file method of the File_Operation class.
2022-09-20/19:47:15		Entered the load_model method of the File_Operation class
2022-09-20/19:47:15		Model FileSVM1 loaded.Exited the load_model method of the File_Operation class
2022-09-20/19:53:59		Entered the load_model method of the File_Operation class
2022-09-20/19:53:59		Model FileKMeans loaded.Exited the load_model method of the File_Operation class
2022-09-20/19:53:59		Entered the find_correct_model_file method of the File_Operation class
2022-09-20/19:53:59		Exited the find_correct_model_file method of the File_Operation class.
2022-09-20/19:53:59		Entered the load_model method of the File_Operation class
2022-09-20/19:53:59		Model FileSVM3 loaded.Exited the load_model method of the File_Operation class
2022-09-20/19:53:59		Entered the find_correct_model_file method of the File_Operation class
2022-09-20/19:53:59		Exited the find_correct_model_file method of the File_Operation class.
2022-09-20/19:53:59		Entered the load_model method of the File_Operation class
2022-09-20/19:53:59		Model FileSVM0 loaded.Exited the load_model method of the File_Operation class
2022-09-20/19:54:00		Entered the find_correct_model_file method of the File_Operation class
2022-09-20/19:54:00		Exited the find_correct_model_file method of the File_Operation class.
2022-09-20/19:54:00		Entered the load_model method of the File_Operation class
2022-09-20/19:54:00		Model FileSVM2 loaded.Exited the load_model method of the File_Operation class
2022-09-20/19:54:00		Entered the find_correct_model_file method of the File_Operation class
2022-09-20/19:54:00		Exited the find_correct_model_file method of the File_Operation class.
2022-09-20/19:54:00		Entered the load_model method of the File_Operation class
2022-09-20/19:54:00		Model FileSVM1 loaded.Exited the load_model method of the File_Operation class
2022-09-20/19:56:59		Entered the load_model method of the File_Operation class
2022-09-20/19:56:59		Model FileKMeans loaded.Exited the load_model method of the File_Operation class
2022-09-20/19:56:59		Entered the find_correct_model_file method of the File_Operation class
2022-09-20/19:56:59		Exited the find_correct_model_file method of the File_Operation class.
2022-09-20/19:56:59		Entered the load_model method of the File_Operation class
2022-09-20/19:56:59		Model FileSVM3 loaded.Exited the load_model method of the File_Operation class
2022-09-20/19:56:59		Entered the find_correct_model_file method of the File_Operation class
2022-09-20/19:56:59		Exited the find_correct_model_file method of the File_Operation class.
2022-09-20/19:56:59		Entered the load_model method of the File_Operation class
2022-09-20/19:56:59		Model FileSVM0 loaded.Exited the load_model method of the File_Operation class
2022-09-20/19:57:00		Entered the find_correct_model_file method of the File_Operation class
2022-09-20/19:57:00		Exited the find_correct_model_file method of the File_Operation class.
2022-09-20/19:57:00		Entered the load_model method of the File_Operation class
2022-09-20/19:57:00		Model FileSVM2 loaded.Exited the load_model method of the File_Operation class
2022-09-20/19:57:00		Entered the find_correct_model_file method of the File_Operation class
2022-09-20/19:57:00		Exited the find_correct_model_file method of the File_Operation class.
2022-09-20/19:57:00		Entered the load_model method of the File_Operation class
2022-09-20/19:57:00		Model FileSVM1 loaded.Exited the load_model method of the File_Operation class
2022-09-20/20:34:18		Entered the load_model method of the File_Operation class
2022-09-20/20:34:18		Model FileKMeans loaded.Exited the load_model method of the File_Operation class
2022-09-20/20:34:18		Entered the find_correct_model_file method of the File_Operation class
2022-09-20/20:34:18		Exited the find_correct_model_file method of the File_Operation class.
2022-09-20/20:34:18		Entered the load_model method of the File_Operation class
2022-09-20/20:34:18		Model FileSVM3 loaded.Exited the load_model method of the File_Operation class
2022-09-20/20:34:18		Entered the find_correct_model_file method of the File_Operation class
2022-09-20/20:34:18		Exited the find_correct_model_file method of the File_Operation class.
2022-09-20/20:34:18		Entered the load_model method of the File_Operation class
2022-09-20/20:34:18		Model FileSVM0 loaded.Exited the load_model method of the File_Operation class
2022-09-20/20:34:18		Entered the find_correct_model_file method of the File_Operation class
2022-09-20/20:34:18		Exited the find_correct_model_file method of the File_Operation class.
2022-09-20/20:34:18		Entered the load_model method of the File_Operation class
2022-09-20/20:34:18		Model FileSVM2 loaded.Exited the load_model method of the File_Operation class
2022-09-20/20:34:18		Entered the find_correct_model_file method of the File_Operation class
2022-09-20/20:34:18		Exited the find_correct_model_file method of the File_Operation class.
2022-09-20/20:34:18		Entered the load_model method of the File_Operation class
2022-09-20/20:34:18		Model FileSVM1 loaded.Exited the load_model method of the File_Operation class
2022-09-20/20:42:00		Entered the save_model method of the File_Operation class
2022-09-20/20:42:00		Model FileKMeanssaved. Exited the save_model method of the File_Operation class
2022-09-20/20:42:55		Entered the save_model method of the File_Operation class
2022-09-20/20:42:55		Model FileSVM3saved. Exited the save_model method of the File_Operation class
2022-09-20/20:53:12		Entered the save_model method of the File_Operation class
2022-09-20/20:53:12		Model FileSVM0saved. Exited the save_model method of the File_Operation class
2022-09-20/20:59:01		Entered the save_model method of the File_Operation class
2022-09-20/20:59:01		Model FileSVM2saved. Exited the save_model method of the File_Operation class
2022-09-20/21:00:51		Entered the save_model method of the File_Operation class
2022-09-20/21:00:51		Model FileSVM1saved. Exited the save_model method of the File_Operation class
2022-09-20/21:12:29		Entered the save_model method of the File_Operation class
2022-09-20/21:12:29		Model FileKMeanssaved. Exited the save_model method of the File_Operation class
2022-09-20/21:13:37		Entered the save_model method of the File_Operation class
2022-09-20/21:13:37		Model FileSVM3saved. Exited the save_model method of the File_Operation class
2022-09-20/21:24:17		Entered the save_model method of the File_Operation class
2022-09-20/21:24:17		Model FileSVM0saved. Exited the save_model method of the File_Operation class
2022-09-20/21:30:33		Entered the save_model method of the File_Operation class
2022-09-20/21:30:33		Model FileKMeanssaved. Exited the save_model method of the File_Operation class
2022-09-20/21:31:43		Entered the save_model method of the File_Operation class
2022-09-20/21:31:43		Model FileSVM3saved. Exited the save_model method of the File_Operation class
2022-09-20/21:42:14		Entered the save_model method of the File_Operation class
2022-09-20/21:42:14		Model FileSVM0saved. Exited the save_model method of the File_Operation class
2022-09-20/21:47:55		Entered the save_model method of the File_Operation class
2022-09-20/21:47:55		Model FileSVM2saved. Exited the save_model method of the File_Operation class
2022-09-20/21:49:27		Entered the save_model method of the File_Operation class
2022-09-20/21:49:27		Model FileSVM1saved. Exited the save_model method of the File_Operation class
2022-09-20/21:53:32		Entered the save_model method of the File_Operation class
2022-09-20/21:53:32		Model FileKMeanssaved. Exited the save_model method of the File_Operation class
2022-09-20/21:54:36		Entered the save_model method of the File_Operation class
2022-09-20/21:54:36		Model FileSVM3saved. Exited the save_model method of the File_Operation class
2022-09-20/22:09:15		Entered the save_model method of the File_Operation class
2022-09-20/22:09:15		Model FileSVM0saved. Exited the save_model method of the File_Operation class
2022-09-20/22:17:31		Entered the save_model method of the File_Operation class
2022-09-20/22:17:31		Model FileSVM2saved. Exited the save_model method of the File_Operation class
2022-09-20/22:19:07		Entered the save_model method of the File_Operation class
2022-09-20/22:19:07		Model FileSVM1saved. Exited the save_model method of the File_Operation class
2022-09-20/23:21:38		Entered the save_model method of the File_Operation class
2022-09-20/23:21:38		Model FileKMeanssaved. Exited the save_model method of the File_Operation class
2022-09-20/23:28:01		Entered the save_model method of the File_Operation class
2022-09-20/23:28:01		Model FileKMeanssaved. Exited the save_model method of the File_Operation class
2022-09-20/23:34:18		Entered the save_model method of the File_Operation class
2022-09-20/23:34:18		Model FileKMeanssaved. Exited the save_model method of the File_Operation class
2022-09-20/23:35:26		Entered the save_model method of the File_Operation class
2022-09-20/23:35:26		Model FileKMeanssaved. Exited the save_model method of the File_Operation class
2022-09-20/23:36:58		Entered the save_model method of the File_Operation class
2022-09-20/23:36:58		Model FileKMeanssaved. Exited the save_model method of the File_Operation class
2022-09-20/23:38:41		Entered the save_model method of the File_Operation class
2022-09-20/23:38:41		Model FileKMeanssaved. Exited the save_model method of the File_Operation class
2022-09-20/23:41:52		Entered the save_model method of the File_Operation class
2022-09-20/23:41:52		Model FileKMeanssaved. Exited the save_model method of the File_Operation class
2022-09-20/23:43:51		Entered the save_model method of the File_Operation class
2022-09-20/23:43:51		Model FileKMeanssaved. Exited the save_model method of the File_Operation class
2022-09-20/23:52:28		Entered the save_model method of the File_Operation class
2022-09-20/23:52:28		Model FileSVM1saved. Exited the save_model method of the File_Operation class
2022-09-21/09:16:03		Entered the save_model method of the File_Operation class
2022-09-21/09:16:03		Model FileKMeanssaved. Exited the save_model method of the File_Operation class
2022-09-21/09:24:27		Entered the save_model method of the File_Operation class
2022-09-21/09:24:27		Model FileSVM1saved. Exited the save_model method of the File_Operation class
2022-09-21/10:04:10		Entered the save_model method of the File_Operation class
2022-09-21/10:04:10		Model FileKMeanssaved. Exited the save_model method of the File_Operation class
2022-09-21/10:11:11		Entered the save_model method of the File_Operation class
2022-09-21/10:11:11		Model FileSVM1saved. Exited the save_model method of the File_Operation class
2022-09-21/12:10:04		Entered the save_model method of the File_Operation class
2022-09-21/12:10:04		Model FileSVM2saved. Exited the save_model method of the File_Operation class
2022-09-21/13:12:35		Entered the save_model method of the File_Operation class
2022-09-21/13:12:35		Model FileSVM3saved. Exited the save_model method of the File_Operation class
2022-09-21/13:28:26		Entered the save_model method of the File_Operation class
2022-09-21/13:28:26		Model FileSVM0saved. Exited the save_model method of the File_Operation class
2022-09-22/07:38:39		Entered the load_model method of the File_Operation class
2022-09-22/07:38:39		Model FileKMeans loaded.Exited the load_model method of the File_Operation class
2022-09-22/07:38:39		Entered the find_correct_model_file method of the File_Operation class
2022-09-22/07:38:39		Exited the find_correct_model_file method of the File_Operation class.
2022-09-22/07:38:39		Entered the load_model method of the File_Operation class
2022-09-22/07:38:39		Model FileSVM1 loaded.Exited the load_model method of the File_Operation class
2022-09-22/07:38:39		Entered the find_correct_model_file method of the File_Operation class
2022-09-22/07:38:39		Exited the find_correct_model_file method of the File_Operation class.
2022-09-22/07:38:39		Entered the load_model method of the File_Operation class
2022-09-22/07:38:39		Model FileSVM2 loaded.Exited the load_model method of the File_Operation class
2022-09-22/07:38:40		Entered the find_correct_model_file method of the File_Operation class
2022-09-22/07:38:40		Exited the find_correct_model_file method of the File_Operation class.
2022-09-22/07:38:40		Entered the load_model method of the File_Operation class
2022-09-22/07:38:40		Model FileSVM3 loaded.Exited the load_model method of the File_Operation class
2022-09-22/07:38:40		Entered the find_correct_model_file method of the File_Operation class
2022-09-22/07:38:40		Exited the find_correct_model_file method of the File_Operation class.
2022-09-22/07:38:40		Entered the load_model method of the File_Operation class
2022-09-22/07:38:40		Model FileSVM0 loaded.Exited the load_model method of the File_Operation class
2022-09-22/19:28:56		Entered the load_model method of the File_Operation class
2022-09-22/19:28:56		Model FileKMeans loaded.Exited the load_model method of the File_Operation class
2022-09-22/19:28:57		Entered the find_correct_model_file method of the File_Operation class
2022-09-22/19:28:57		Exited the find_correct_model_file method of the File_Operation class.
2022-09-22/19:28:57		Entered the load_model method of the File_Operation class
2022-09-22/19:28:57		Model FileSVM1 loaded.Exited the load_model method of the File_Operation class
2022-09-22/19:28:57		Entered the find_correct_model_file method of the File_Operation class
2022-09-22/19:28:57		Exited the find_correct_model_file method of the File_Operation class.
2022-09-22/19:28:57		Entered the load_model method of the File_Operation class
2022-09-22/19:28:57		Model FileSVM2 loaded.Exited the load_model method of the File_Operation class
2022-09-22/19:28:58		Entered the find_correct_model_file method of the File_Operation class
2022-09-22/19:28:58		Exited the find_correct_model_file method of the File_Operation class.
2022-09-22/19:28:58		Entered the load_model method of the File_Operation class
2022-09-22/19:28:58		Model FileSVM3 loaded.Exited the load_model method of the File_Operation class
2022-09-22/19:28:59		Entered the find_correct_model_file method of the File_Operation class
2022-09-22/19:28:59		Exited the find_correct_model_file method of the File_Operation class.
2022-09-22/19:28:59		Entered the load_model method of the File_Operation class
2022-09-22/19:28:59		Model FileSVM0 loaded.Exited the load_model method of the File_Operation class
2022-09-22/20:48:20		Entered the load_model method of the File_Operation class
2022-09-22/20:48:20		Model FileKMeans loaded.Exited the load_model method of the File_Operation class
2022-09-22/20:48:20		Entered the find_correct_model_file method of the File_Operation class
2022-09-22/20:48:20		Exited the find_correct_model_file method of the File_Operation class.
2022-09-22/20:48:20		Entered the load_model method of the File_Operation class
2022-09-22/20:48:20		Model FileSVM1 loaded.Exited the load_model method of the File_Operation class
2022-09-22/20:48:20		Entered the find_correct_model_file method of the File_Operation class
2022-09-22/20:48:20		Exited the find_correct_model_file method of the File_Operation class.
2022-09-22/20:48:20		Entered the load_model method of the File_Operation class
2022-09-22/20:48:20		Model FileSVM2 loaded.Exited the load_model method of the File_Operation class
2022-09-22/20:48:21		Entered the find_correct_model_file method of the File_Operation class
2022-09-22/20:48:21		Exited the find_correct_model_file method of the File_Operation class.
2022-09-22/20:48:21		Entered the load_model method of the File_Operation class
2022-09-22/20:48:21		Model FileSVM3 loaded.Exited the load_model method of the File_Operation class
2022-09-22/20:48:22		Entered the find_correct_model_file method of the File_Operation class
2022-09-22/20:48:22		Exited the find_correct_model_file method of the File_Operation class.
2022-09-22/20:48:22		Entered the load_model method of the File_Operation class
2022-09-22/20:48:22		Model FileSVM0 loaded.Exited the load_model method of the File_Operation class
2022-09-22/20:54:33		Entered the load_model method of the File_Operation class
2022-09-22/20:54:33		Model FileKMeans loaded.Exited the load_model method of the File_Operation class
2022-09-22/20:54:33		Entered the find_correct_model_file method of the File_Operation class
2022-09-22/20:54:33		Exited the find_correct_model_file method of the File_Operation class.
2022-09-22/20:54:33		Entered the load_model method of the File_Operation class
2022-09-22/20:54:33		Model FileSVM1 loaded.Exited the load_model method of the File_Operation class
2022-09-22/20:54:33		Entered the find_correct_model_file method of the File_Operation class
2022-09-22/20:54:33		Exited the find_correct_model_file method of the File_Operation class.
2022-09-22/20:54:33		Entered the load_model method of the File_Operation class
2022-09-22/20:54:33		Model FileSVM2 loaded.Exited the load_model method of the File_Operation class
2022-09-22/20:54:33		Entered the find_correct_model_file method of the File_Operation class
2022-09-22/20:54:33		Exited the find_correct_model_file method of the File_Operation class.
2022-09-22/20:54:33		Entered the load_model method of the File_Operation class
2022-09-22/20:54:33		Model FileSVM3 loaded.Exited the load_model method of the File_Operation class
2022-09-22/20:54:34		Entered the find_correct_model_file method of the File_Operation class
2022-09-22/20:54:34		Exited the find_correct_model_file method of the File_Operation class.
2022-09-22/20:54:34		Entered the load_model method of the File_Operation class
2022-09-22/20:54:34		Model FileSVM0 loaded.Exited the load_model method of the File_Operation class
2022-09-22/23:47:39		Entered the load_model method of the File_Operation class
2022-09-22/23:47:39		Model FileKMeans loaded.Exited the load_model method of the File_Operation class
2022-09-22/23:47:39		Entered the find_correct_model_file method of the File_Operation class
2022-09-22/23:47:39		Exited the find_correct_model_file method of the File_Operation class.
2022-09-22/23:47:39		Entered the load_model method of the File_Operation class
2022-09-22/23:47:39		Model FileSVM1 loaded.Exited the load_model method of the File_Operation class
2022-09-22/23:47:39		Entered the find_correct_model_file method of the File_Operation class
2022-09-22/23:47:39		Exited the find_correct_model_file method of the File_Operation class.
2022-09-22/23:47:39		Entered the load_model method of the File_Operation class
2022-09-22/23:47:39		Model FileSVM2 loaded.Exited the load_model method of the File_Operation class
2022-09-22/23:47:40		Entered the find_correct_model_file method of the File_Operation class
2022-09-22/23:47:40		Exited the find_correct_model_file method of the File_Operation class.
2022-09-22/23:47:40		Entered the load_model method of the File_Operation class
2022-09-22/23:47:40		Model FileSVM3 loaded.Exited the load_model method of the File_Operation class
2022-09-22/23:47:41		Entered the find_correct_model_file method of the File_Operation class
2022-09-22/23:47:41		Exited the find_correct_model_file method of the File_Operation class.
2022-09-22/23:47:41		Entered the load_model method of the File_Operation class
2022-09-22/23:47:41		Model FileSVM0 loaded.Exited the load_model method of the File_Operation class
2022-09-23/00:00:03		Entered the load_model method of the File_Operation class
2022-09-23/00:00:03		Model FileKMeans loaded.Exited the load_model method of the File_Operation class
2022-09-23/00:00:03		Entered the find_correct_model_file method of the File_Operation class
2022-09-23/00:00:03		Exited the find_correct_model_file method of the File_Operation class.
2022-09-23/00:00:03		Entered the load_model method of the File_Operation class
2022-09-23/00:00:03		Model FileSVM1 loaded.Exited the load_model method of the File_Operation class
2022-09-23/00:00:03		Entered the find_correct_model_file method of the File_Operation class
2022-09-23/00:00:03		Exited the find_correct_model_file method of the File_Operation class.
2022-09-23/00:00:03		Entered the load_model method of the File_Operation class
2022-09-23/00:00:03		Model FileSVM2 loaded.Exited the load_model method of the File_Operation class
2022-09-23/00:00:04		Entered the find_correct_model_file method of the File_Operation class
2022-09-23/00:00:04		Exited the find_correct_model_file method of the File_Operation class.
2022-09-23/00:00:04		Entered the load_model method of the File_Operation class
2022-09-23/00:00:04		Model FileSVM3 loaded.Exited the load_model method of the File_Operation class
2022-09-23/00:00:05		Entered the find_correct_model_file method of the File_Operation class
2022-09-23/00:00:05		Exited the find_correct_model_file method of the File_Operation class.
2022-09-23/00:00:05		Entered the load_model method of the File_Operation class
2022-09-23/00:00:05		Model FileSVM0 loaded.Exited the load_model method of the File_Operation class
2022-09-24/12:05:11		Entered the load_model method of the File_Operation class
2022-09-24/12:05:11		Model FileKMeans loaded.Exited the load_model method of the File_Operation class
2022-09-24/12:05:12		Entered the find_correct_model_file method of the File_Operation class
2022-09-24/12:05:12		Exited the find_correct_model_file method of the File_Operation class.
2022-09-24/12:05:12		Entered the load_model method of the File_Operation class
2022-09-24/12:05:12		Model FileSVM1 loaded.Exited the load_model method of the File_Operation class
2022-09-24/12:05:12		Entered the find_correct_model_file method of the File_Operation class
2022-09-24/12:05:12		Exited the find_correct_model_file method of the File_Operation class.
2022-09-24/12:05:12		Entered the load_model method of the File_Operation class
2022-09-24/12:05:12		Model FileSVM2 loaded.Exited the load_model method of the File_Operation class
2022-09-24/12:05:13		Entered the find_correct_model_file method of the File_Operation class
2022-09-24/12:05:13		Exited the find_correct_model_file method of the File_Operation class.
2022-09-24/12:05:13		Entered the load_model method of the File_Operation class
2022-09-24/12:05:13		Model FileSVM3 loaded.Exited the load_model method of the File_Operation class
2022-09-24/12:05:13		Entered the find_correct_model_file method of the File_Operation class
2022-09-24/12:05:13		Exited the find_correct_model_file method of the File_Operation class.
2022-09-24/12:05:13		Entered the load_model method of the File_Operation class
2022-09-24/12:05:13		Model FileSVM0 loaded.Exited the load_model method of the File_Operation class
2022-09-24/12:22:05		Entered the load_model method of the File_Operation class
2022-09-24/12:22:05		Model FileKMeans loaded.Exited the load_model method of the File_Operation class
2022-09-24/12:22:05		Entered the find_correct_model_file method of the File_Operation class
2022-09-24/12:22:05		Exited the find_correct_model_file method of the File_Operation class.
2022-09-24/12:22:05		Entered the load_model method of the File_Operation class
2022-09-24/12:22:05		Model FileSVM1 loaded.Exited the load_model method of the File_Operation class
2022-09-24/12:22:05		Entered the find_correct_model_file method of the File_Operation class
2022-09-24/12:22:05		Exited the find_correct_model_file method of the File_Operation class.
2022-09-24/12:22:05		Entered the load_model method of the File_Operation class
2022-09-24/12:22:05		Model FileSVM2 loaded.Exited the load_model method of the File_Operation class
2022-09-24/12:22:06		Entered the find_correct_model_file method of the File_Operation class
2022-09-24/12:22:06		Exited the find_correct_model_file method of the File_Operation class.
2022-09-24/12:22:06		Entered the load_model method of the File_Operation class
2022-09-24/12:22:06		Model FileSVM3 loaded.Exited the load_model method of the File_Operation class
2022-09-24/12:22:07		Entered the find_correct_model_file method of the File_Operation class
2022-09-24/12:22:07		Exited the find_correct_model_file method of the File_Operation class.
2022-09-24/12:22:07		Entered the load_model method of the File_Operation class
2022-09-24/12:22:07		Model FileSVM0 loaded.Exited the load_model method of the File_Operation class
2022-09-24/12:30:42		Entered the load_model method of the File_Operation class
2022-09-24/12:30:42		Model FileKMeans loaded.Exited the load_model method of the File_Operation class
2022-09-24/12:30:42		Entered the find_correct_model_file method of the File_Operation class
2022-09-24/12:30:42		Exited the find_correct_model_file method of the File_Operation class.
2022-09-24/12:30:42		Entered the load_model method of the File_Operation class
2022-09-24/12:30:42		Model FileSVM1 loaded.Exited the load_model method of the File_Operation class
2022-09-24/12:30:42		Entered the find_correct_model_file method of the File_Operation class
2022-09-24/12:30:42		Exited the find_correct_model_file method of the File_Operation class.
2022-09-24/12:30:42		Entered the load_model method of the File_Operation class
2022-09-24/12:30:42		Model FileSVM2 loaded.Exited the load_model method of the File_Operation class
2022-09-24/12:30:43		Entered the find_correct_model_file method of the File_Operation class
2022-09-24/12:30:43		Exited the find_correct_model_file method of the File_Operation class.
2022-09-24/12:30:43		Entered the load_model method of the File_Operation class
2022-09-24/12:30:43		Model FileSVM3 loaded.Exited the load_model method of the File_Operation class
2022-09-24/12:30:44		Entered the find_correct_model_file method of the File_Operation class
2022-09-24/12:30:44		Exited the find_correct_model_file method of the File_Operation class.
2022-09-24/12:30:44		Entered the load_model method of the File_Operation class
2022-09-24/12:30:44		Model FileSVM0 loaded.Exited the load_model method of the File_Operation class
2022-09-24/13:03:40		Entered the load_model method of the File_Operation class
2022-09-24/13:03:40		Model FileKMeans loaded.Exited the load_model method of the File_Operation class
2022-09-24/13:03:40		Entered the find_correct_model_file method of the File_Operation class
2022-09-24/13:03:40		Exited the find_correct_model_file method of the File_Operation class.
2022-09-24/13:03:40		Entered the load_model method of the File_Operation class
2022-09-24/13:03:40		Model FileSVM1 loaded.Exited the load_model method of the File_Operation class
2022-09-24/13:03:40		Entered the find_correct_model_file method of the File_Operation class
2022-09-24/13:03:40		Exited the find_correct_model_file method of the File_Operation class.
2022-09-24/13:03:40		Entered the load_model method of the File_Operation class
2022-09-24/13:03:40		Model FileSVM2 loaded.Exited the load_model method of the File_Operation class
2022-09-24/13:03:41		Entered the find_correct_model_file method of the File_Operation class
2022-09-24/13:03:41		Exited the find_correct_model_file method of the File_Operation class.
2022-09-24/13:03:41		Entered the load_model method of the File_Operation class
2022-09-24/13:03:41		Model FileSVM3 loaded.Exited the load_model method of the File_Operation class
2022-09-24/13:03:42		Entered the find_correct_model_file method of the File_Operation class
2022-09-24/13:03:42		Exited the find_correct_model_file method of the File_Operation class.
2022-09-24/13:03:42		Entered the load_model method of the File_Operation class
2022-09-24/13:03:42		Model FileSVM0 loaded.Exited the load_model method of the File_Operation class
2022-09-24/13:06:31		Entered the load_model method of the File_Operation class
2022-09-24/13:06:31		Model FileKMeans loaded.Exited the load_model method of the File_Operation class
2022-09-24/13:06:31		Entered the find_correct_model_file method of the File_Operation class
2022-09-24/13:06:31		Exited the find_correct_model_file method of the File_Operation class.
2022-09-24/13:06:31		Entered the load_model method of the File_Operation class
2022-09-24/13:06:31		Model FileSVM1 loaded.Exited the load_model method of the File_Operation class
2022-09-24/13:06:31		Entered the find_correct_model_file method of the File_Operation class
2022-09-24/13:06:31		Exited the find_correct_model_file method of the File_Operation class.
2022-09-24/13:06:31		Entered the load_model method of the File_Operation class
2022-09-24/13:06:31		Model FileSVM2 loaded.Exited the load_model method of the File_Operation class
2022-09-24/13:06:32		Entered the find_correct_model_file method of the File_Operation class
2022-09-24/13:06:32		Exited the find_correct_model_file method of the File_Operation class.
2022-09-24/13:06:32		Entered the load_model method of the File_Operation class
2022-09-24/13:06:32		Model FileSVM3 loaded.Exited the load_model method of the File_Operation class
2022-09-24/13:06:32		Entered the find_correct_model_file method of the File_Operation class
2022-09-24/13:06:32		Exited the find_correct_model_file method of the File_Operation class.
2022-09-24/13:06:32		Entered the load_model method of the File_Operation class
2022-09-24/13:06:32		Model FileSVM0 loaded.Exited the load_model method of the File_Operation class
2022-09-24/13:12:21		Entered the load_model method of the File_Operation class
2022-09-24/13:12:21		Model FileKMeans loaded.Exited the load_model method of the File_Operation class
2022-09-24/13:12:21		Entered the find_correct_model_file method of the File_Operation class
2022-09-24/13:12:21		Exited the find_correct_model_file method of the File_Operation class.
2022-09-24/13:12:21		Entered the load_model method of the File_Operation class
2022-09-24/13:12:21		Model FileSVM1 loaded.Exited the load_model method of the File_Operation class
2022-09-24/13:12:22		Entered the find_correct_model_file method of the File_Operation class
2022-09-24/13:12:22		Exited the find_correct_model_file method of the File_Operation class.
2022-09-24/13:12:22		Entered the load_model method of the File_Operation class
2022-09-24/13:12:22		Model FileSVM2 loaded.Exited the load_model method of the File_Operation class
2022-09-24/13:12:22		Entered the find_correct_model_file method of the File_Operation class
2022-09-24/13:12:22		Exited the find_correct_model_file method of the File_Operation class.
2022-09-24/13:12:22		Entered the load_model method of the File_Operation class
2022-09-24/13:12:22		Model FileSVM3 loaded.Exited the load_model method of the File_Operation class
2022-09-24/13:12:23		Entered the find_correct_model_file method of the File_Operation class
2022-09-24/13:12:23		Exited the find_correct_model_file method of the File_Operation class.
2022-09-24/13:12:23		Entered the load_model method of the File_Operation class
2022-09-24/13:12:23		Model FileSVM0 loaded.Exited the load_model method of the File_Operation class
2022-09-24/13:14:21		Entered the load_model method of the File_Operation class
2022-09-24/13:14:21		Model FileKMeans loaded.Exited the load_model method of the File_Operation class
2022-09-24/13:14:22		Entered the find_correct_model_file method of the File_Operation class
2022-09-24/13:14:22		Exited the find_correct_model_file method of the File_Operation class.
2022-09-24/13:14:22		Entered the load_model method of the File_Operation class
2022-09-24/13:14:22		Model FileSVM1 loaded.Exited the load_model method of the File_Operation class
2022-09-24/13:14:22		Entered the find_correct_model_file method of the File_Operation class
2022-09-24/13:14:22		Exited the find_correct_model_file method of the File_Operation class.
2022-09-24/13:14:22		Entered the load_model method of the File_Operation class
2022-09-24/13:14:22		Model FileSVM2 loaded.Exited the load_model method of the File_Operation class
2022-09-24/13:14:22		Entered the find_correct_model_file method of the File_Operation class
2022-09-24/13:14:22		Exited the find_correct_model_file method of the File_Operation class.
2022-09-24/13:14:22		Entered the load_model method of the File_Operation class
2022-09-24/13:14:22		Model FileSVM3 loaded.Exited the load_model method of the File_Operation class
2022-09-24/13:14:23		Entered the find_correct_model_file method of the File_Operation class
2022-09-24/13:14:23		Exited the find_correct_model_file method of the File_Operation class.
2022-09-24/13:14:23		Entered the load_model method of the File_Operation class
2022-09-24/13:14:23		Model FileSVM0 loaded.Exited the load_model method of the File_Operation class
2022-09-24/13:15:54		Entered the load_model method of the File_Operation class
2022-09-24/13:15:54		Model FileKMeans loaded.Exited the load_model method of the File_Operation class
2022-09-24/13:15:54		Entered the find_correct_model_file method of the File_Operation class
2022-09-24/13:15:54		Exited the find_correct_model_file method of the File_Operation class.
2022-09-24/13:15:54		Entered the load_model method of the File_Operation class
2022-09-24/13:15:54		Model FileSVM1 loaded.Exited the load_model method of the File_Operation class
2022-09-24/13:15:54		Entered the find_correct_model_file method of the File_Operation class
2022-09-24/13:15:54		Exited the find_correct_model_file method of the File_Operation class.
2022-09-24/13:15:54		Entered the load_model method of the File_Operation class
2022-09-24/13:15:54		Model FileSVM2 loaded.Exited the load_model method of the File_Operation class
2022-09-24/13:15:55		Entered the find_correct_model_file method of the File_Operation class
2022-09-24/13:15:55		Exited the find_correct_model_file method of the File_Operation class.
2022-09-24/13:15:55		Entered the load_model method of the File_Operation class
2022-09-24/13:15:55		Model FileSVM3 loaded.Exited the load_model method of the File_Operation class
2022-09-24/13:15:56		Entered the find_correct_model_file method of the File_Operation class
2022-09-24/13:15:56		Exited the find_correct_model_file method of the File_Operation class.
2022-09-24/13:15:56		Entered the load_model method of the File_Operation class
2022-09-24/13:15:56		Model FileSVM0 loaded.Exited the load_model method of the File_Operation class
2022-09-24/13:20:13		Entered the load_model method of the File_Operation class
2022-09-24/13:20:13		Model FileKMeans loaded.Exited the load_model method of the File_Operation class
2022-09-24/13:20:13		Entered the find_correct_model_file method of the File_Operation class
2022-09-24/13:20:13		Exited the find_correct_model_file method of the File_Operation class.
2022-09-24/13:20:13		Entered the load_model method of the File_Operation class
2022-09-24/13:20:13		Model FileSVM1 loaded.Exited the load_model method of the File_Operation class
2022-09-24/13:20:14		Entered the find_correct_model_file method of the File_Operation class
2022-09-24/13:20:14		Exited the find_correct_model_file method of the File_Operation class.
2022-09-24/13:20:14		Entered the load_model method of the File_Operation class
2022-09-24/13:20:14		Model FileSVM2 loaded.Exited the load_model method of the File_Operation class
2022-09-24/13:20:15		Entered the find_correct_model_file method of the File_Operation class
2022-09-24/13:20:15		Exited the find_correct_model_file method of the File_Operation class.
2022-09-24/13:20:15		Entered the load_model method of the File_Operation class
2022-09-24/13:20:15		Model FileSVM3 loaded.Exited the load_model method of the File_Operation class
2022-09-24/13:20:15		Entered the find_correct_model_file method of the File_Operation class
2022-09-24/13:20:15		Exited the find_correct_model_file method of the File_Operation class.
2022-09-24/13:20:15		Entered the load_model method of the File_Operation class
2022-09-24/13:20:15		Model FileSVM0 loaded.Exited the load_model method of the File_Operation class
2022-09-24/13:33:03		Entered the load_model method of the File_Operation class
2022-09-24/13:33:03		Model FileKMeans loaded.Exited the load_model method of the File_Operation class
2022-09-24/13:33:03		Entered the find_correct_model_file method of the File_Operation class
2022-09-24/13:33:03		Exited the find_correct_model_file method of the File_Operation class.
2022-09-24/13:33:03		Entered the load_model method of the File_Operation class
2022-09-24/13:33:03		Model FileSVM1 loaded.Exited the load_model method of the File_Operation class
2022-09-24/13:33:03		Entered the find_correct_model_file method of the File_Operation class
2022-09-24/13:33:03		Exited the find_correct_model_file method of the File_Operation class.
2022-09-24/13:33:03		Entered the load_model method of the File_Operation class
2022-09-24/13:33:03		Model FileSVM2 loaded.Exited the load_model method of the File_Operation class
2022-09-24/13:33:04		Entered the find_correct_model_file method of the File_Operation class
2022-09-24/13:33:04		Exited the find_correct_model_file method of the File_Operation class.
2022-09-24/13:33:04		Entered the load_model method of the File_Operation class
2022-09-24/13:33:04		Model FileSVM3 loaded.Exited the load_model method of the File_Operation class
2022-09-24/13:33:04		Entered the find_correct_model_file method of the File_Operation class
2022-09-24/13:33:04		Exited the find_correct_model_file method of the File_Operation class.
2022-09-24/13:33:04		Entered the load_model method of the File_Operation class
2022-09-24/13:33:04		Model FileSVM0 loaded.Exited the load_model method of the File_Operation class
2022-09-24/13:35:14		Entered the load_model method of the File_Operation class
2022-09-24/13:35:14		Model FileKMeans loaded.Exited the load_model method of the File_Operation class
2022-09-24/13:35:14		Entered the find_correct_model_file method of the File_Operation class
2022-09-24/13:35:14		Exited the find_correct_model_file method of the File_Operation class.
2022-09-24/13:35:14		Entered the load_model method of the File_Operation class
2022-09-24/13:35:14		Model FileSVM1 loaded.Exited the load_model method of the File_Operation class
2022-09-24/13:35:14		Entered the find_correct_model_file method of the File_Operation class
2022-09-24/13:35:14		Exited the find_correct_model_file method of the File_Operation class.
2022-09-24/13:35:14		Entered the load_model method of the File_Operation class
2022-09-24/13:35:14		Model FileSVM2 loaded.Exited the load_model method of the File_Operation class
2022-09-24/13:35:16		Entered the find_correct_model_file method of the File_Operation class
2022-09-24/13:35:16		Exited the find_correct_model_file method of the File_Operation class.
2022-09-24/13:35:16		Entered the load_model method of the File_Operation class
2022-09-24/13:35:16		Model FileSVM3 loaded.Exited the load_model method of the File_Operation class
2022-09-24/13:35:17		Entered the find_correct_model_file method of the File_Operation class
2022-09-24/13:35:17		Exited the find_correct_model_file method of the File_Operation class.
2022-09-24/13:35:17		Entered the load_model method of the File_Operation class
2022-09-24/13:35:17		Model FileSVM0 loaded.Exited the load_model method of the File_Operation class
